INFO  [px4] instance: 0

______  __   __    ___ 
| ___ \ \ \ / /   /   |
| |_/ /  \ V /   / /| |
|  __/   /   \  / /_| |
| |     / /^\ \ \___  |
\_|     \/   \/     |_/

px4 starting.

INFO  [px4] startup script: /bin/sh etc/init.d-posix/rcS 0
env SYS_AUTOSTART: 4004
INFO  [param] selected parameter default file parameters.bson
INFO  [param] importing from 'parameters.bson'
INFO  [parameters] BSON document size 514 bytes, decoded 514 bytes (INT32:16, FLOAT:9)
INFO  [param] selected parameter backup file parameters_backup.bson
INFO  [dataman] data manager file './dataman' size is 1208528 bytes
INFO  [init] Gazebo simulator 8.11.0
INFO  [init] Starting gazebo with world: /Users/sanju/PX4-Autopilot/Tools/simulation/gz/worlds/default.sdf
INFO  [init] Starting gz gui
INFO  [init] Waiting for Gazebo world...
INFO  [init] Gazebo world is ready
INFO  [init] Gazebo model pose: 0 0 0 0 0 0
INFO  [init] Spawning Gazebo model
INFO  [lockstep_scheduler] setting initial absolute time to 4104000 us
INFO  [gz_bridge] world: default, model: standard_vtol_0
INFO  [init] Setting camera to follow standard_vtol_0
INFO  [init] Camera follow offset set to -2.0, -2.0, 2.0
INFO  [commander] LED: open /dev/led0 failed (22)
WARN  [health_and_arming_checks] Preflight Fail: Airspeed selector module down
WARN  [health_and_arming_checks] Preflight Fail: ekf2 missing data
INFO  [airspeed_selector] No airspeed sensor detected. Switch to non-airspeed mode.	
INFO  [uxrce_dds_client] init UDP agent IP:127.0.0.1, port:8888
INFO  [mavlink] mode: Normal, data rate: 4000000 B/s on udp port 18570 remote port 14550
INFO  [tone_alarm] home set
WARN  [airspeed_selector] Airspeed sensor healthy, start using again (-1, 1)	
INFO  [mavlink] mode: Onboard, data rate: 4000000 B/s on udp port 14580 remote port 14540
INFO  [mavlink] mode: Onboard, data rate: 4000 B/s on udp port 14280 remote port 14030
INFO  [mavlink] mode: Gimbal, data rate: 400000 B/s on udp port 13030 remote port 13280
INFO  [mavlink] partner IP: 127.0.0.1
INFO  [logger] logger started (mode=all)
INFO  [logger] Start file log (type: full)
INFO  [logger] [logger] ./log/2026-04-30/21_30_49.ulg	
INFO  [logger] Opened full log file: ./log/2026-04-30/21_30_49.ulg
INFO  [mavlink] MAVLink only on localhost (set param MAV_{i}_BROADCAST = 1 to enable network)
INFO  [mavlink] MAVLink only on localhost (set param MAV_{i}_BROADCAST = 1 to enable network)
INFO  [px4] Startup script returned successfully
INFO  [commander] [32mReady for takeoff![0m
INFO  [mavlink] Ignore command 512 from 255/190 to 2/1
INFO  [mavlink] Ignore command 521 from 255/190 to 2/1
INFO  [mavlink] Ignore command 512 from 255/190 to 2/1
INFO  [mavlink] Ignore command 521 from 255/190 to 2/1
INFO  [mavlink] Ignore command 512 from 255/190 to 2/1
INFO  [mavlink] Ignore command 521 from 255/190 to 2/1
INFO  [mavlink] partner IP: 127.0.0.1
ERROR [mavlink] param types mismatch param: COM_DL_LOSS_T
INFO  [commander] Armed by external command	
INFO  [tone_alarm] arming warning
INFO  [commander] Takeoff detected	
INFO  [mavlink] Ignore command 512 from 255/190 to 2/1
INFO  [mavlink] Ignore command 521 from 255/190 to 2/1
INFO  [mavlink] Ignore command 512 from 255/190 to 2/1
INFO  [mavlink] Ignore command 521 from 255/190 to 2/1
INFO  [navigator] RTL: start return at 61 m (60 m above destination)	

PX4 Exiting...
Exiting NOW.
